<?xml version="1.0" encoding="UTF-8"?>
<testng-results skipped="0" failed="0" ignored="0" total="0" passed="0">
  <reporter-output>
  </reporter-output>
  <suite name="automation.framework.AppTest" duration-ms="10" started-at="2020-04-03T06:40:45Z" finished-at="2020-04-03T06:40:45Z">
    <groups>
    </groups>
    <test name="Command line test" duration-ms="10" started-at="2020-04-03T06:40:45Z" finished-at="2020-04-03T06:40:45Z">
    </test> <!-- Command line test -->
  </suite> <!-- automation.framework.AppTest -->
</testng-results>
